2021-03-29 00:06:01 INFO  BookServiceImpl:19 - Start create book: testBook1
2021-03-29 00:06:02 INFO  BookServiceImpl:23 - End create author. Operation successful
2021-03-29 00:06:02 INFO  BookServiceImpl:19 - Start create book: testBook1
2021-03-29 00:06:02 ERROR BookServiceImpl:22 - Book also exist: testBook1
2021-03-29 00:06:02 INFO  BookServiceImpl:23 - End create author. Operation successful
2021-03-29 00:06:02 INFO  AuthorServiceImpl:18 - Start create Author: Oskar1 Test1
2021-03-29 00:06:02 INFO  AuthorServiceImpl:22 - End create author. Operation successful
2021-03-29 00:06:02 INFO  BookServiceImpl:19 - Start create book: testBook1
2021-03-29 00:06:02 ERROR BookServiceImpl:22 - Book also exist: testBook1
2021-03-29 00:06:02 INFO  BookServiceImpl:23 - End create author. Operation successful
2021-03-29 00:06:02 INFO  BookServiceImpl:19 - Start create book: testBook1
2021-03-29 00:06:02 ERROR BookServiceImpl:22 - Book also exist: testBook1
2021-03-29 00:06:02 INFO  BookServiceImpl:23 - End create author. Operation successful
2021-03-29 00:06:02 INFO  AuthorServiceImpl:18 - Start create Author: Oskar1 Test1
2021-03-29 00:06:02 ERROR AuthorServiceImpl:21 - Author also exist: Oskar1 Test1
2021-03-29 00:06:02 INFO  AuthorServiceImpl:22 - End create author. Operation successful
2021-03-29 00:06:02 INFO  BookServiceImpl:19 - Start create book: testBook1
2021-03-29 00:06:02 ERROR BookServiceImpl:22 - Book also exist: testBook1
2021-03-29 00:06:02 INFO  BookServiceImpl:23 - End create author. Operation successful
2021-03-29 00:06:02 INFO  BookServiceImpl:19 - Start create book: testBook1
2021-03-29 00:06:02 ERROR BookServiceImpl:22 - Book also exist: testBook1
2021-03-29 00:06:02 INFO  BookServiceImpl:23 - End create author. Operation successful
2021-03-29 00:06:02 INFO  AuthorServiceImpl:18 - Start create Author: Oskar1 Test1
2021-03-29 00:06:02 ERROR AuthorServiceImpl:21 - Author also exist: Oskar1 Test1
2021-03-29 00:06:02 INFO  AuthorServiceImpl:22 - End create author. Operation successful
2021-03-29 00:06:02 INFO  BookServiceImpl:19 - Start create book: testBook1
2021-03-29 00:06:02 ERROR BookServiceImpl:22 - Book also exist: testBook1
2021-03-29 00:06:02 INFO  BookServiceImpl:23 - End create author. Operation successful
2021-03-29 00:06:02 INFO  BookServiceImpl:19 - Start create book: testBook1
2021-03-29 00:06:02 ERROR BookServiceImpl:22 - Book also exist: testBook1
2021-03-29 00:06:02 INFO  BookServiceImpl:23 - End create author. Operation successful
2021-03-29 00:06:02 INFO  AuthorServiceImpl:18 - Start create Author: Oskar1 Test1
2021-03-29 00:06:02 ERROR AuthorServiceImpl:21 - Author also exist: Oskar1 Test1
2021-03-29 00:06:02 INFO  AuthorServiceImpl:22 - End create author. Operation successful
2021-03-29 00:06:02 INFO  BookServiceImpl:19 - Start create book: testBook1
2021-03-29 00:06:02 ERROR BookServiceImpl:22 - Book also exist: testBook1
2021-03-29 00:06:02 INFO  BookServiceImpl:23 - End create author. Operation successful
2021-03-29 00:06:02 INFO  BookServiceImpl:19 - Start create book: testBook1
2021-03-29 00:06:02 ERROR BookServiceImpl:22 - Book also exist: testBook1
2021-03-29 00:06:02 INFO  BookServiceImpl:23 - End create author. Operation successful
2021-03-29 00:06:02 INFO  AuthorServiceImpl:18 - Start create Author: Oskar1 Test1
2021-03-29 00:06:02 ERROR AuthorServiceImpl:21 - Author also exist: Oskar1 Test1
2021-03-29 00:06:02 INFO  AuthorServiceImpl:22 - End create author. Operation successful
2021-03-29 00:06:52 INFO  BookServiceImpl:19 - Start create book: testBook0
2021-03-29 00:06:52 INFO  BookServiceImpl:23 - End create author. Operation successful
2021-03-29 00:06:52 INFO  BookServiceImpl:19 - Start create book: testBook1
2021-03-29 00:06:52 INFO  BookServiceImpl:23 - End create author. Operation successful
2021-03-29 00:06:52 INFO  AuthorServiceImpl:18 - Start create Author: Oskar0 Test0
2021-03-29 00:06:52 INFO  AuthorServiceImpl:22 - End create author. Operation successful
2021-03-29 00:06:52 INFO  BookServiceImpl:19 - Start create book: testBook0
2021-03-29 00:06:52 ERROR BookServiceImpl:22 - Book also exist: testBook0
2021-03-29 00:06:52 INFO  BookServiceImpl:23 - End create author. Operation successful
2021-03-29 00:06:52 INFO  BookServiceImpl:19 - Start create book: testBook1
2021-03-29 00:06:52 ERROR BookServiceImpl:22 - Book also exist: testBook1
2021-03-29 00:06:52 INFO  BookServiceImpl:23 - End create author. Operation successful
2021-03-29 00:06:52 INFO  AuthorServiceImpl:18 - Start create Author: Oskar1 Test1
2021-03-29 00:06:52 INFO  AuthorServiceImpl:22 - End create author. Operation successful
2021-03-29 00:06:52 INFO  BookServiceImpl:19 - Start create book: testBook0
2021-03-29 00:06:52 ERROR BookServiceImpl:22 - Book also exist: testBook0
2021-03-29 00:06:52 INFO  BookServiceImpl:23 - End create author. Operation successful
2021-03-29 00:06:52 INFO  BookServiceImpl:19 - Start create book: testBook1
2021-03-29 00:06:52 ERROR BookServiceImpl:22 - Book also exist: testBook1
2021-03-29 00:06:52 INFO  BookServiceImpl:23 - End create author. Operation successful
2021-03-29 00:06:52 INFO  AuthorServiceImpl:18 - Start create Author: Oskar2 Test2
2021-03-29 00:06:52 INFO  AuthorServiceImpl:22 - End create author. Operation successful
2021-03-29 00:06:52 INFO  BookServiceImpl:19 - Start create book: testBook0
2021-03-29 00:06:52 ERROR BookServiceImpl:22 - Book also exist: testBook0
2021-03-29 00:06:52 INFO  BookServiceImpl:23 - End create author. Operation successful
2021-03-29 00:06:52 INFO  BookServiceImpl:19 - Start create book: testBook1
2021-03-29 00:06:52 ERROR BookServiceImpl:22 - Book also exist: testBook1
2021-03-29 00:06:52 INFO  BookServiceImpl:23 - End create author. Operation successful
2021-03-29 00:06:52 INFO  AuthorServiceImpl:18 - Start create Author: Oskar3 Test3
2021-03-29 00:06:52 INFO  AuthorServiceImpl:22 - End create author. Operation successful
2021-03-29 00:06:52 INFO  BookServiceImpl:19 - Start create book: testBook0
2021-03-29 00:06:52 ERROR BookServiceImpl:22 - Book also exist: testBook0
2021-03-29 00:06:52 INFO  BookServiceImpl:23 - End create author. Operation successful
2021-03-29 00:06:52 INFO  BookServiceImpl:19 - Start create book: testBook1
2021-03-29 00:06:52 ERROR BookServiceImpl:22 - Book also exist: testBook1
2021-03-29 00:06:52 INFO  BookServiceImpl:23 - End create author. Operation successful
2021-03-29 00:06:52 INFO  AuthorServiceImpl:18 - Start create Author: Oskar4 Test4
2021-03-29 00:06:52 INFO  AuthorServiceImpl:22 - End create author. Operation successful
2021-03-29 00:14:55 INFO  AuthorServiceImpl:18 - Start create Author: Petro Ivanko
2021-03-29 00:14:55 INFO  AuthorServiceImpl:22 - End create author. Operation successful
2021-03-29 00:17:55 INFO  BookServiceImpl:19 - Start create book: Eneida
2021-03-29 00:17:55 INFO  BookServiceImpl:23 - End create author. Operation successful
2021-03-29 00:17:55 INFO  BookServiceImpl:78 - Start get book by title Eneida
2021-03-29 00:17:55 INFO  BookServiceImpl:80 - Operation get authors by irst and last name successful
2021-03-29 00:18:42 INFO  BookServiceImpl:19 - Start create book: Eneida
2021-03-29 00:18:42 INFO  BookServiceImpl:23 - End create author. Operation successful
2021-03-29 00:19:20 INFO  BookServiceImpl:19 - Start create book: Eneida
2021-03-29 00:19:20 INFO  BookServiceImpl:23 - End create author. Operation successful
2021-03-29 00:19:20 INFO  BookServiceImpl:29 - Start read operation. Read info about: Eneida
2021-03-29 00:19:20 INFO  BookServiceImpl:33 - End read info about book. Operation successful
2021-03-29 00:19:44 INFO  BookServiceImpl:19 - Start create book: Eneida
2021-03-29 00:19:44 INFO  BookServiceImpl:23 - End create author. Operation successful
2021-03-29 00:23:30 INFO  AuthorServiceImpl:18 - Start create Author: Petro Ivanko
2021-03-29 00:23:31 INFO  AuthorServiceImpl:22 - End create author. Operation successful
2021-03-29 00:23:31 INFO  BookServiceImpl:19 - Start create book: Eneida
2021-03-29 00:23:31 INFO  BookServiceImpl:23 - End create author. Operation successful
2021-03-29 00:23:31 INFO  AuthorServiceImpl:44 - Start update operation. Read info about: Petro Miki
2021-03-29 00:23:31 INFO  AuthorServiceImpl:48 - End update info about author. Operation successful
2021-03-29 00:25:12 INFO  AuthorServiceImpl:27 - Start read operation. Read info about: null null
2021-03-29 00:25:12 ERROR AuthorServiceImpl:30 - Author: null null Not found
2021-03-29 00:25:12 INFO  AuthorServiceImpl:31 - End read info about author. Operation successful
2021-03-29 00:25:12 INFO  AuthorServiceImpl:18 - Start create Author: Petro Ivanko
2021-03-29 00:25:12 INFO  AuthorServiceImpl:22 - End create author. Operation successful
2021-03-29 00:25:12 INFO  BookServiceImpl:29 - Start read operation. Read info about: null
2021-03-29 00:25:12 ERROR BookServiceImpl:32 - Book: null Not found
2021-03-29 00:25:12 INFO  BookServiceImpl:33 - End read info about book. Operation successful
2021-03-29 00:25:12 INFO  BookServiceImpl:19 - Start create book: Eneida
2021-03-29 00:25:12 INFO  BookServiceImpl:23 - End create author. Operation successful
2021-03-29 00:25:12 INFO  AuthorServiceImpl:18 - Start create Author: Petro Ivanko
2021-03-29 00:25:12 ERROR AuthorServiceImpl:21 - Author also exist: Petro Ivanko
2021-03-29 00:25:12 INFO  AuthorServiceImpl:22 - End create author. Operation successful
2021-03-29 00:25:12 INFO  AuthorServiceImpl:44 - Start update operation. Read info about: Petro Miki
2021-03-29 00:25:12 INFO  AuthorServiceImpl:48 - End update info about author. Operation successful
2021-03-29 00:26:01 INFO  AuthorServiceImpl:27 - Start read operation. Read info about: null null
2021-03-29 00:26:01 ERROR AuthorServiceImpl:30 - Author: null null Not found
2021-03-29 00:26:01 INFO  AuthorServiceImpl:31 - End read info about author. Operation successful
2021-03-29 00:26:01 INFO  AuthorServiceImpl:18 - Start create Author: Petro Ivanko
2021-03-29 00:26:01 INFO  AuthorServiceImpl:22 - End create author. Operation successful
2021-03-29 00:26:01 INFO  BookServiceImpl:29 - Start read operation. Read info about: null
2021-03-29 00:26:01 ERROR BookServiceImpl:32 - Book: null Not found
2021-03-29 00:26:01 INFO  BookServiceImpl:33 - End read info about book. Operation successful
2021-03-29 00:26:01 INFO  BookServiceImpl:19 - Start create book: Eneida
2021-03-29 00:26:01 INFO  BookServiceImpl:23 - End create author. Operation successful
2021-03-29 00:26:01 INFO  AuthorServiceImpl:18 - Start create Author: Petro Ivanko
2021-03-29 00:26:01 ERROR AuthorServiceImpl:21 - Author also exist: Petro Ivanko
2021-03-29 00:26:01 INFO  AuthorServiceImpl:22 - End create author. Operation successful
2021-03-29 00:26:01 INFO  AuthorServiceImpl:44 - Start update operation. Read info about: Petro Miki
2021-03-29 00:26:01 INFO  AuthorServiceImpl:48 - End update info about author. Operation successful
2021-03-29 00:27:50 INFO  AuthorServiceImpl:27 - Start read operation. Read info about: null null
2021-03-29 00:27:50 ERROR AuthorServiceImpl:30 - Author: null null Not found
2021-03-29 00:27:50 INFO  AuthorServiceImpl:31 - End read info about author. Operation successful
2021-03-29 00:27:50 INFO  AuthorServiceImpl:18 - Start create Author: Petro Ivanko
2021-03-29 00:27:50 INFO  AuthorServiceImpl:22 - End create author. Operation successful
2021-03-29 00:27:50 INFO  BookServiceImpl:29 - Start read operation. Read info about: null
2021-03-29 00:27:50 ERROR BookServiceImpl:32 - Book: null Not found
2021-03-29 00:27:50 INFO  BookServiceImpl:33 - End read info about book. Operation successful
2021-03-29 00:27:50 INFO  BookServiceImpl:19 - Start create book: Eneida
2021-03-29 00:27:50 INFO  BookServiceImpl:23 - End create author. Operation successful
2021-03-29 00:27:50 INFO  AuthorServiceImpl:73 - Start get author by first and last name Iv Mrafasga
2021-03-29 00:27:50 INFO  AuthorServiceImpl:75 - Operation get authors by irst and last name successful
2021-03-29 00:35:31 INFO  BookServiceImpl:78 - Start get book by title Kuuu
2021-03-29 00:35:31 ERROR BookServiceImpl:83 - Book: Kuuu not found
2021-03-29 00:35:31 INFO  AuthorServiceImpl:27 - Start read operation. Read info about: null null
2021-03-29 00:35:31 ERROR AuthorServiceImpl:30 - Author: null null Not found
2021-03-29 00:35:31 INFO  AuthorServiceImpl:31 - End read info about author. Operation successful
2021-03-29 00:35:31 INFO  BookServiceImpl:58 - Start delete operation. Delete author with id: 1
2021-03-29 00:35:31 ERROR BookServiceImpl:61 - Book with ID: 1 Not found
2021-03-29 00:35:31 INFO  BookServiceImpl:62 - End update info about book. Operation successful
2021-03-29 00:35:31 INFO  BookServiceImpl:78 - Start get book by title Kuuu
2021-03-29 00:35:31 ERROR BookServiceImpl:83 - Book: Kuuu not found
2021-03-29 00:35:31 INFO  AuthorServiceImpl:18 - Start create Author: Petro Ivanko
2021-03-29 00:35:31 INFO  AuthorServiceImpl:22 - End create author. Operation successful
2021-03-29 00:35:31 INFO  BookServiceImpl:29 - Start read operation. Read info about: Kuuu
2021-03-29 00:35:31 ERROR BookServiceImpl:32 - Book: Kuuu Not found
2021-03-29 00:35:31 INFO  BookServiceImpl:33 - End read info about book. Operation successful
2021-03-29 00:35:31 INFO  BookServiceImpl:19 - Start create book: Eneida
2021-03-29 00:35:31 INFO  BookServiceImpl:23 - End create author. Operation successful
2021-03-29 00:35:31 INFO  AuthorServiceImpl:54 - Start delete operation. Delete author with id: 1
2021-03-29 00:35:31 INFO  AuthorServiceImpl:58 - End update info about author. Operation successful
2021-03-29 00:35:31 INFO  AuthorServiceImpl:73 - Start get author by first and last name Petro Ivanko
2021-03-29 00:35:31 ERROR AuthorServiceImpl:78 - Author: PetroIvanko not found
2021-03-29 00:35:31 INFO  AuthorServiceImpl:73 - Start get author by first and last name Iv Mrafasga
2021-03-29 00:35:31 ERROR AuthorServiceImpl:78 - Author: IvMrafasga not found
2021-03-31 15:27:19 INFO  BookServiceImpl:78 - Start get book by title Kuuu
2021-03-31 15:27:19 ERROR BookServiceImpl:83 - Book: Kuuu not found
2021-03-31 15:27:19 INFO  AuthorServiceImpl:27 - Start read operation. Read info about: null null
2021-03-31 15:27:19 ERROR AuthorServiceImpl:30 - Author: null null Not found
2021-03-31 15:27:19 INFO  AuthorServiceImpl:31 - End read info about author. Operation successful
2021-03-31 15:27:19 INFO  BookServiceImpl:58 - Start delete operation. Delete author with id: 1
2021-03-31 15:27:19 ERROR BookServiceImpl:61 - Book with ID: 1 Not found
2021-03-31 15:27:19 INFO  BookServiceImpl:62 - End update info about book. Operation successful
2021-03-31 15:27:19 INFO  BookServiceImpl:78 - Start get book by title Kuuu
2021-03-31 15:27:19 ERROR BookServiceImpl:83 - Book: Kuuu not found
2021-03-31 15:27:19 INFO  AuthorServiceImpl:18 - Start create Author: Petro Ivanko
2021-03-31 15:27:19 INFO  AuthorServiceImpl:22 - End create author. Operation successful
2021-03-31 15:27:19 INFO  BookServiceImpl:29 - Start read operation. Read info about: Kuuu
2021-03-31 15:27:19 ERROR BookServiceImpl:32 - Book: Kuuu Not found
2021-03-31 15:27:19 INFO  BookServiceImpl:33 - End read info about book. Operation successful
2021-03-31 15:27:19 INFO  BookServiceImpl:19 - Start create book: Eneida
2021-03-31 15:27:19 INFO  BookServiceImpl:23 - End create author. Operation successful
2021-03-31 15:27:19 INFO  AuthorServiceImpl:54 - Start delete operation. Delete author with id: 1
2021-03-31 15:27:19 INFO  AuthorServiceImpl:58 - End update info about author. Operation successful
2021-03-31 15:27:19 INFO  AuthorServiceImpl:73 - Start get author by first and last name Petro Ivanko
2021-03-31 15:27:19 ERROR AuthorServiceImpl:78 - Author: PetroIvanko not found
2021-03-31 15:27:19 INFO  AuthorServiceImpl:73 - Start get author by first and last name Iv Mrafasga
2021-03-31 15:27:19 ERROR AuthorServiceImpl:78 - Author: IvMrafasga not found
2021-03-31 15:31:53 INFO  BookServiceImpl:78 - Start get book by title Kuuu
2021-03-31 15:31:53 ERROR BookServiceImpl:83 - Book: Kuuu not found
2021-03-31 15:31:53 INFO  AuthorServiceImpl:27 - Start read operation. Read info about: null null
2021-03-31 15:31:53 ERROR AuthorServiceImpl:30 - Author: null null Not found
2021-03-31 15:31:53 INFO  AuthorServiceImpl:31 - End read info about author. Operation successful
2021-03-31 15:31:53 INFO  BookServiceImpl:58 - Start delete operation. Delete author with id: 1
2021-03-31 15:31:53 ERROR BookServiceImpl:61 - Book with ID: 1 Not found
2021-03-31 15:31:53 INFO  BookServiceImpl:62 - End update info about book. Operation successful
2021-03-31 15:31:53 INFO  BookServiceImpl:78 - Start get book by title Kuuu
2021-03-31 15:31:53 ERROR BookServiceImpl:83 - Book: Kuuu not found
2021-03-31 15:31:53 INFO  AuthorServiceImpl:18 - Start create Author: Petro Ivanko
2021-03-31 15:31:53 INFO  AuthorServiceImpl:22 - End create author. Operation successful
2021-03-31 15:31:53 INFO  BookServiceImpl:29 - Start read operation. Read info about: Kuuu
2021-03-31 15:31:53 ERROR BookServiceImpl:32 - Book: Kuuu Not found
2021-03-31 15:31:53 INFO  BookServiceImpl:33 - End read info about book. Operation successful
2021-03-31 15:31:53 INFO  BookServiceImpl:19 - Start create book: Eneida
2021-03-31 15:31:53 INFO  BookServiceImpl:23 - End create author. Operation successful
2021-03-31 15:31:53 INFO  AuthorServiceImpl:54 - Start delete operation. Delete author with id: 1
2021-03-31 15:31:53 INFO  AuthorServiceImpl:58 - End update info about author. Operation successful
2021-03-31 15:31:53 INFO  AuthorServiceImpl:73 - Start get author by first and last name Petro Ivanko
2021-03-31 15:31:53 ERROR AuthorServiceImpl:78 - Author: PetroIvanko not found
2021-03-31 15:31:53 INFO  AuthorServiceImpl:73 - Start get author by first and last name Iv Mrafasga
2021-03-31 15:31:53 ERROR AuthorServiceImpl:78 - Author: IvMrafasga not found
2021-03-31 15:34:19 INFO  BookServiceImpl:78 - Start get book by title Kuuu
2021-03-31 15:34:19 ERROR BookServiceImpl:83 - Book: Kuuu not found
2021-03-31 15:34:19 INFO  AuthorServiceImpl:27 - Start read operation. Read info about: null null
2021-03-31 15:34:19 ERROR AuthorServiceImpl:30 - Author: null null Not found
2021-03-31 15:34:19 INFO  AuthorServiceImpl:31 - End read info about author. Operation successful
2021-03-31 15:34:19 INFO  BookServiceImpl:58 - Start delete operation. Delete author with id: 1
2021-03-31 15:34:19 ERROR BookServiceImpl:61 - Book with ID: 1 Not found
2021-03-31 15:34:19 INFO  BookServiceImpl:62 - End update info about book. Operation successful
2021-03-31 15:34:19 INFO  BookServiceImpl:78 - Start get book by title Kuuu
2021-03-31 15:34:19 ERROR BookServiceImpl:83 - Book: Kuuu not found
2021-03-31 15:34:19 INFO  AuthorServiceImpl:18 - Start create Author: Petro Ivanko
2021-03-31 15:34:19 INFO  AuthorServiceImpl:22 - End create author. Operation successful
2021-03-31 15:34:19 INFO  BookServiceImpl:29 - Start read operation. Read info about: Kuuu
2021-03-31 15:34:19 ERROR BookServiceImpl:32 - Book: Kuuu Not found
2021-03-31 15:34:19 INFO  BookServiceImpl:33 - End read info about book. Operation successful
2021-03-31 15:34:19 INFO  BookServiceImpl:19 - Start create book: Eneida
2021-03-31 15:34:19 INFO  BookServiceImpl:23 - End create author. Operation successful
2021-03-31 15:34:19 INFO  AuthorServiceImpl:54 - Start delete operation. Delete author with id: 1
2021-03-31 15:34:19 INFO  AuthorServiceImpl:58 - End update info about author. Operation successful
2021-03-31 15:34:19 INFO  AuthorServiceImpl:73 - Start get author by first and last name Petro Ivanko
2021-03-31 15:34:19 ERROR AuthorServiceImpl:78 - Author: PetroIvanko not found
2021-03-31 15:34:19 INFO  AuthorServiceImpl:73 - Start get author by first and last name Iv Mrafasga
2021-03-31 15:34:19 ERROR AuthorServiceImpl:78 - Author: IvMrafasga not found
2021-03-31 15:34:42 INFO  AuthorServiceImpl:73 - Start get author by first and last name Iv Mrafasga
2021-03-31 15:34:42 ERROR AuthorServiceImpl:78 - Author: IvMrafasga not found
2021-03-31 15:35:19 INFO  AuthorServiceImpl:18 - Start create Author: Petro Ivanko
2021-03-31 15:35:19 INFO  AuthorServiceImpl:22 - End create author. Operation successful
2021-03-31 15:35:19 INFO  AuthorServiceImpl:73 - Start get author by first and last name Iv Mrafasga
2021-03-31 15:35:19 INFO  AuthorServiceImpl:75 - Operation get authors by irst and last name successful
2021-03-31 15:35:41 INFO  AuthorServiceImpl:18 - Start create Author: Petro Ivanko
2021-03-31 15:35:41 INFO  AuthorServiceImpl:22 - End create author. Operation successful
2021-03-31 15:35:41 INFO  AuthorServiceImpl:54 - Start delete operation. Delete author with id: 1
2021-03-31 15:35:41 INFO  AuthorServiceImpl:58 - End update info about author. Operation successful
2021-03-31 15:35:41 INFO  AuthorServiceImpl:73 - Start get author by first and last name Petro Ivanko
2021-03-31 15:35:41 ERROR AuthorServiceImpl:78 - Author: PetroIvanko not found
2021-03-31 15:37:16 INFO  AuthorServiceImpl:18 - Start create Author: Petro Ivanko
2021-03-31 15:37:16 INFO  AuthorServiceImpl:22 - End create author. Operation successful
2021-03-31 15:37:16 INFO  AuthorServiceImpl:54 - Start delete operation. Delete author with id: 1
2021-03-31 15:37:16 INFO  AuthorServiceImpl:58 - End update info about author. Operation successful
2021-03-31 15:37:16 INFO  AuthorServiceImpl:73 - Start get author by first and last name Petro Ivanko
2021-03-31 15:37:16 ERROR AuthorServiceImpl:78 - Author: PetroIvanko not found
2021-03-31 15:38:46 INFO  AuthorServiceImpl:18 - Start create Author: Petro Ivanko
2021-03-31 15:38:46 INFO  AuthorServiceImpl:22 - End create author. Operation successful
2021-03-31 15:38:46 INFO  AuthorServiceImpl:54 - Start delete operation. Delete author with id: 1
2021-03-31 15:38:46 INFO  AuthorServiceImpl:58 - End update info about author. Operation successful
2021-03-31 16:42:52 INFO  BookServiceImpl:78 - Start get book by title testBook2
2021-03-31 16:42:52 ERROR BookServiceImpl:83 - Book: testBook2 not found
2021-03-31 16:42:52 INFO  AuthorServiceImpl:73 - Start get author by first and last name Oskar2 Test2
2021-03-31 16:42:52 ERROR AuthorServiceImpl:78 - Author: Oskar2Test2 not found
2021-03-31 16:42:52 INFO  BookServiceImpl:78 - Start get book by title testBook2
2021-03-31 16:42:52 ERROR BookServiceImpl:83 - Book: testBook2 not found
2021-03-31 16:42:52 INFO  AuthorServiceImpl:18 - Start create Author: Petro Ivanko
2021-03-31 16:42:52 INFO  AuthorServiceImpl:22 - End create author. Operation successful
2021-03-31 16:42:52 INFO  BookServiceImpl:78 - Start get book by title testBook2
2021-03-31 16:42:52 ERROR BookServiceImpl:83 - Book: testBook2 not found
2021-03-31 16:42:52 INFO  BookServiceImpl:19 - Start create book: Eneida
2021-03-31 16:42:52 INFO  BookServiceImpl:23 - End create author. Operation successful
2021-03-31 16:42:52 INFO  AuthorServiceImpl:73 - Start get author by first and last name Oskar2 Test2
2021-03-31 16:42:52 ERROR AuthorServiceImpl:78 - Author: Oskar2Test2 not found
2021-03-31 16:42:52 INFO  AuthorServiceImpl:73 - Start get author by first and last name Oskar2 Test2
2021-03-31 16:42:52 ERROR AuthorServiceImpl:78 - Author: Oskar2Test2 not found
2021-03-31 16:43:52 INFO  BookServiceImpl:78 - Start get book by title testBook2
2021-03-31 16:43:52 ERROR BookServiceImpl:83 - Book: testBook2 not found
2021-03-31 16:43:52 INFO  AuthorServiceImpl:73 - Start get author by first and last name Oskar2 Test2
2021-03-31 16:43:52 ERROR AuthorServiceImpl:78 - Author: Oskar2Test2 not found
2021-03-31 16:43:52 INFO  BookServiceImpl:78 - Start get book by title testBook2
2021-03-31 16:43:52 ERROR BookServiceImpl:83 - Book: testBook2 not found
2021-03-31 16:43:52 INFO  BookServiceImpl:19 - Start create book: testBook0
2021-03-31 16:43:52 INFO  BookServiceImpl:23 - End create author. Operation successful
2021-03-31 16:43:52 INFO  BookServiceImpl:19 - Start create book: testBook1
2021-03-31 16:43:52 INFO  BookServiceImpl:23 - End create author. Operation successful
2021-03-31 16:43:52 INFO  AuthorServiceImpl:18 - Start create Author: Oskar0 Test0
2021-03-31 16:43:52 INFO  AuthorServiceImpl:22 - End create author. Operation successful
2021-03-31 16:43:52 INFO  BookServiceImpl:19 - Start create book: testBook0
2021-03-31 16:43:52 ERROR BookServiceImpl:22 - Book also exist: testBook0
2021-03-31 16:43:52 INFO  BookServiceImpl:23 - End create author. Operation successful
2021-03-31 16:43:52 INFO  BookServiceImpl:19 - Start create book: testBook1
2021-03-31 16:43:52 ERROR BookServiceImpl:22 - Book also exist: testBook1
2021-03-31 16:43:52 INFO  BookServiceImpl:23 - End create author. Operation successful
2021-03-31 16:43:52 INFO  AuthorServiceImpl:18 - Start create Author: Oskar1 Test1
2021-03-31 16:43:52 INFO  AuthorServiceImpl:22 - End create author. Operation successful
2021-03-31 16:43:52 INFO  BookServiceImpl:19 - Start create book: testBook0
2021-03-31 16:43:52 ERROR BookServiceImpl:22 - Book also exist: testBook0
2021-03-31 16:43:52 INFO  BookServiceImpl:23 - End create author. Operation successful
2021-03-31 16:43:52 INFO  BookServiceImpl:19 - Start create book: testBook1
2021-03-31 16:43:52 ERROR BookServiceImpl:22 - Book also exist: testBook1
2021-03-31 16:43:52 INFO  BookServiceImpl:23 - End create author. Operation successful
2021-03-31 16:43:52 INFO  AuthorServiceImpl:18 - Start create Author: Oskar2 Test2
2021-03-31 16:43:52 INFO  AuthorServiceImpl:22 - End create author. Operation successful
2021-03-31 16:43:52 INFO  BookServiceImpl:19 - Start create book: testBook0
2021-03-31 16:43:52 ERROR BookServiceImpl:22 - Book also exist: testBook0
2021-03-31 16:43:52 INFO  BookServiceImpl:23 - End create author. Operation successful
2021-03-31 16:43:52 INFO  BookServiceImpl:19 - Start create book: testBook1
2021-03-31 16:43:52 ERROR BookServiceImpl:22 - Book also exist: testBook1
2021-03-31 16:43:52 INFO  BookServiceImpl:23 - End create author. Operation successful
2021-03-31 16:43:52 INFO  AuthorServiceImpl:18 - Start create Author: Oskar3 Test3
2021-03-31 16:43:52 INFO  AuthorServiceImpl:22 - End create author. Operation successful
2021-03-31 16:43:52 INFO  BookServiceImpl:19 - Start create book: testBook0
2021-03-31 16:43:52 ERROR BookServiceImpl:22 - Book also exist: testBook0
2021-03-31 16:43:52 INFO  BookServiceImpl:23 - End create author. Operation successful
2021-03-31 16:43:52 INFO  BookServiceImpl:19 - Start create book: testBook1
2021-03-31 16:43:52 ERROR BookServiceImpl:22 - Book also exist: testBook1
2021-03-31 16:43:52 INFO  BookServiceImpl:23 - End create author. Operation successful
2021-03-31 16:43:52 INFO  AuthorServiceImpl:18 - Start create Author: Oskar4 Test4
2021-03-31 16:43:52 INFO  AuthorServiceImpl:22 - End create author. Operation successful
2021-03-31 16:43:52 INFO  BookServiceImpl:78 - Start get book by title testBook2
2021-03-31 16:43:52 ERROR BookServiceImpl:83 - Book: testBook2 not found
2021-03-31 16:43:52 INFO  BookServiceImpl:19 - Start create book: Eneida
2021-03-31 16:43:52 INFO  BookServiceImpl:23 - End create author. Operation successful
2021-03-31 16:43:52 INFO  AuthorServiceImpl:73 - Start get author by first and last name Oskar2 Test2
2021-03-31 16:43:52 INFO  AuthorServiceImpl:75 - Operation get authors by irst and last name successful
2021-03-31 16:43:52 INFO  AuthorServiceImpl:54 - Start delete operation. Delete author with id: 1
2021-03-31 16:43:52 INFO  AuthorServiceImpl:58 - End update info about author. Operation successful
2021-03-31 16:43:52 INFO  AuthorServiceImpl:73 - Start get author by first and last name Oskar2 Test2
2021-03-31 16:43:52 INFO  AuthorServiceImpl:75 - Operation get authors by irst and last name successful
2021-03-31 16:43:52 INFO  AuthorServiceImpl:44 - Start update operation. Read info about: Iv Mrafasga
2021-03-31 16:43:52 INFO  AuthorServiceImpl:48 - End update info about author. Operation successful
2021-03-31 16:43:52 INFO  AuthorServiceImpl:73 - Start get author by first and last name Iv Mrafasga
2021-03-31 16:43:52 INFO  AuthorServiceImpl:75 - Operation get authors by irst and last name successful
2021-03-31 16:45:46 INFO  BookServiceImpl:19 - Start create book: testBook0
2021-03-31 16:45:46 INFO  BookServiceImpl:23 - End create author. Operation successful
2021-03-31 16:45:46 INFO  BookServiceImpl:19 - Start create book: testBook0
2021-03-31 16:45:46 ERROR BookServiceImpl:22 - Book also exist: testBook0
2021-03-31 16:45:46 INFO  BookServiceImpl:23 - End create author. Operation successful
2021-03-31 16:45:46 INFO  AuthorServiceImpl:18 - Start create Author: Oskar0 Test0
2021-03-31 16:45:46 INFO  AuthorServiceImpl:22 - End create author. Operation successful
2021-03-31 16:45:46 INFO  BookServiceImpl:19 - Start create book: testBook0
2021-03-31 16:45:46 ERROR BookServiceImpl:22 - Book also exist: testBook0
2021-03-31 16:45:46 INFO  BookServiceImpl:23 - End create author. Operation successful
2021-03-31 16:45:46 INFO  BookServiceImpl:19 - Start create book: testBook0
2021-03-31 16:45:46 ERROR BookServiceImpl:22 - Book also exist: testBook0
2021-03-31 16:45:46 INFO  BookServiceImpl:23 - End create author. Operation successful
2021-03-31 16:45:46 INFO  AuthorServiceImpl:18 - Start create Author: Oskar1 Test1
2021-03-31 16:45:46 INFO  AuthorServiceImpl:22 - End create author. Operation successful
2021-03-31 16:45:46 INFO  BookServiceImpl:19 - Start create book: testBook0
2021-03-31 16:45:46 ERROR BookServiceImpl:22 - Book also exist: testBook0
2021-03-31 16:45:46 INFO  BookServiceImpl:23 - End create author. Operation successful
2021-03-31 16:45:46 INFO  BookServiceImpl:19 - Start create book: testBook0
2021-03-31 16:45:46 ERROR BookServiceImpl:22 - Book also exist: testBook0
2021-03-31 16:45:46 INFO  BookServiceImpl:23 - End create author. Operation successful
2021-03-31 16:45:46 INFO  AuthorServiceImpl:18 - Start create Author: Oskar2 Test2
2021-03-31 16:45:46 INFO  AuthorServiceImpl:22 - End create author. Operation successful
2021-03-31 16:45:46 INFO  BookServiceImpl:19 - Start create book: testBook0
2021-03-31 16:45:46 ERROR BookServiceImpl:22 - Book also exist: testBook0
2021-03-31 16:45:46 INFO  BookServiceImpl:23 - End create author. Operation successful
2021-03-31 16:45:46 INFO  BookServiceImpl:19 - Start create book: testBook0
2021-03-31 16:45:46 ERROR BookServiceImpl:22 - Book also exist: testBook0
2021-03-31 16:45:46 INFO  BookServiceImpl:23 - End create author. Operation successful
2021-03-31 16:45:46 INFO  AuthorServiceImpl:18 - Start create Author: Oskar3 Test3
2021-03-31 16:45:46 INFO  AuthorServiceImpl:22 - End create author. Operation successful
2021-03-31 16:45:46 INFO  BookServiceImpl:19 - Start create book: testBook0
2021-03-31 16:45:46 ERROR BookServiceImpl:22 - Book also exist: testBook0
2021-03-31 16:45:46 INFO  BookServiceImpl:23 - End create author. Operation successful
2021-03-31 16:45:46 INFO  BookServiceImpl:19 - Start create book: testBook0
2021-03-31 16:45:46 ERROR BookServiceImpl:22 - Book also exist: testBook0
2021-03-31 16:45:46 INFO  BookServiceImpl:23 - End create author. Operation successful
2021-03-31 16:45:46 INFO  AuthorServiceImpl:18 - Start create Author: Oskar4 Test4
2021-03-31 16:45:46 INFO  AuthorServiceImpl:22 - End create author. Operation successful
2021-03-31 16:46:20 INFO  BookServiceImpl:19 - Start create book: testBook0
2021-03-31 16:46:20 INFO  BookServiceImpl:23 - End create author. Operation successful
2021-03-31 16:46:20 INFO  BookServiceImpl:19 - Start create book: testBook0
2021-03-31 16:46:20 ERROR BookServiceImpl:22 - Book also exist: testBook0
2021-03-31 16:46:20 INFO  BookServiceImpl:23 - End create author. Operation successful
2021-03-31 16:46:20 INFO  AuthorServiceImpl:18 - Start create Author: Oskar0 Test0
2021-03-31 16:46:20 INFO  AuthorServiceImpl:22 - End create author. Operation successful
2021-03-31 16:46:20 INFO  BookServiceImpl:19 - Start create book: testBook0
2021-03-31 16:46:20 ERROR BookServiceImpl:22 - Book also exist: testBook0
2021-03-31 16:46:20 INFO  BookServiceImpl:23 - End create author. Operation successful
2021-03-31 16:46:20 INFO  BookServiceImpl:19 - Start create book: testBook0
2021-03-31 16:46:20 ERROR BookServiceImpl:22 - Book also exist: testBook0
2021-03-31 16:46:20 INFO  BookServiceImpl:23 - End create author. Operation successful
2021-03-31 16:46:20 INFO  AuthorServiceImpl:18 - Start create Author: Oskar1 Test1
2021-03-31 16:46:20 INFO  AuthorServiceImpl:22 - End create author. Operation successful
2021-03-31 16:46:20 INFO  BookServiceImpl:19 - Start create book: testBook0
2021-03-31 16:46:20 ERROR BookServiceImpl:22 - Book also exist: testBook0
2021-03-31 16:46:20 INFO  BookServiceImpl:23 - End create author. Operation successful
2021-03-31 16:46:20 INFO  BookServiceImpl:19 - Start create book: testBook0
2021-03-31 16:46:20 ERROR BookServiceImpl:22 - Book also exist: testBook0
2021-03-31 16:46:20 INFO  BookServiceImpl:23 - End create author. Operation successful
2021-03-31 16:46:20 INFO  AuthorServiceImpl:18 - Start create Author: Oskar2 Test2
2021-03-31 16:46:20 INFO  AuthorServiceImpl:22 - End create author. Operation successful
2021-03-31 16:46:20 INFO  BookServiceImpl:19 - Start create book: testBook0
2021-03-31 16:46:20 ERROR BookServiceImpl:22 - Book also exist: testBook0
2021-03-31 16:46:20 INFO  BookServiceImpl:23 - End create author. Operation successful
2021-03-31 16:46:20 INFO  BookServiceImpl:19 - Start create book: testBook0
2021-03-31 16:46:20 ERROR BookServiceImpl:22 - Book also exist: testBook0
2021-03-31 16:46:20 INFO  BookServiceImpl:23 - End create author. Operation successful
2021-03-31 16:46:20 INFO  AuthorServiceImpl:18 - Start create Author: Oskar3 Test3
2021-03-31 16:46:20 INFO  AuthorServiceImpl:22 - End create author. Operation successful
2021-03-31 16:46:20 INFO  BookServiceImpl:19 - Start create book: testBook0
2021-03-31 16:46:20 ERROR BookServiceImpl:22 - Book also exist: testBook0
2021-03-31 16:46:20 INFO  BookServiceImpl:23 - End create author. Operation successful
2021-03-31 16:46:20 INFO  BookServiceImpl:19 - Start create book: testBook0
2021-03-31 16:46:20 ERROR BookServiceImpl:22 - Book also exist: testBook0
2021-03-31 16:46:20 INFO  BookServiceImpl:23 - End create author. Operation successful
2021-03-31 16:46:20 INFO  AuthorServiceImpl:18 - Start create Author: Oskar4 Test4
2021-03-31 16:46:20 INFO  AuthorServiceImpl:22 - End create author. Operation successful
2021-03-31 16:46:56 INFO  BookServiceImpl:19 - Start create book: testBook0.13132982203320154
2021-03-31 16:46:56 INFO  BookServiceImpl:23 - End create author. Operation successful
2021-03-31 16:46:56 INFO  BookServiceImpl:19 - Start create book: testBook0.4294103531873201
2021-03-31 16:46:56 INFO  BookServiceImpl:23 - End create author. Operation successful
2021-03-31 16:46:56 INFO  AuthorServiceImpl:18 - Start create Author: Oskar0 Test0
2021-03-31 16:46:56 INFO  AuthorServiceImpl:22 - End create author. Operation successful
2021-03-31 16:46:56 INFO  BookServiceImpl:19 - Start create book: testBook0.12793133164967374
2021-03-31 16:46:56 INFO  BookServiceImpl:23 - End create author. Operation successful
2021-03-31 16:46:56 INFO  BookServiceImpl:19 - Start create book: testBook0.41496999747918595
2021-03-31 16:46:56 INFO  BookServiceImpl:23 - End create author. Operation successful
2021-03-31 16:46:56 INFO  AuthorServiceImpl:18 - Start create Author: Oskar1 Test1
2021-03-31 16:46:56 INFO  AuthorServiceImpl:22 - End create author. Operation successful
2021-03-31 16:46:56 INFO  BookServiceImpl:19 - Start create book: testBook0.5090777857109967
2021-03-31 16:46:56 INFO  BookServiceImpl:23 - End create author. Operation successful
2021-03-31 16:46:56 INFO  BookServiceImpl:19 - Start create book: testBook0.6129278991506312
2021-03-31 16:46:56 INFO  BookServiceImpl:23 - End create author. Operation successful
2021-03-31 16:46:56 INFO  AuthorServiceImpl:18 - Start create Author: Oskar2 Test2
2021-03-31 16:46:56 INFO  AuthorServiceImpl:22 - End create author. Operation successful
2021-03-31 16:46:56 INFO  BookServiceImpl:19 - Start create book: testBook0.4274535644755082
2021-03-31 16:46:56 INFO  BookServiceImpl:23 - End create author. Operation successful
2021-03-31 16:46:56 INFO  BookServiceImpl:19 - Start create book: testBook0.9802967532741058
2021-03-31 16:46:56 INFO  BookServiceImpl:23 - End create author. Operation successful
2021-03-31 16:46:56 INFO  AuthorServiceImpl:18 - Start create Author: Oskar3 Test3
2021-03-31 16:46:56 INFO  AuthorServiceImpl:22 - End create author. Operation successful
2021-03-31 16:46:56 INFO  BookServiceImpl:19 - Start create book: testBook0.5705481134494036
2021-03-31 16:46:56 INFO  BookServiceImpl:23 - End create author. Operation successful
2021-03-31 16:46:56 INFO  BookServiceImpl:19 - Start create book: testBook0.5715149142227296
2021-03-31 16:46:56 INFO  BookServiceImpl:23 - End create author. Operation successful
2021-03-31 16:46:56 INFO  AuthorServiceImpl:18 - Start create Author: Oskar4 Test4
2021-03-31 16:46:56 INFO  AuthorServiceImpl:22 - End create author. Operation successful
2021-03-31 16:47:36 INFO  BookServiceImpl:19 - Start create book: testBook0
2021-03-31 16:47:36 INFO  BookServiceImpl:23 - End create author. Operation successful
2021-03-31 16:47:36 INFO  BookServiceImpl:19 - Start create book: testBook3
2021-03-31 16:47:36 INFO  BookServiceImpl:23 - End create author. Operation successful
2021-03-31 16:47:36 INFO  AuthorServiceImpl:18 - Start create Author: Oskar0 Test0
2021-03-31 16:47:36 INFO  AuthorServiceImpl:22 - End create author. Operation successful
2021-03-31 16:47:36 INFO  BookServiceImpl:19 - Start create book: testBook3
2021-03-31 16:47:36 ERROR BookServiceImpl:22 - Book also exist: testBook3
2021-03-31 16:47:36 INFO  BookServiceImpl:23 - End create author. Operation successful
2021-03-31 16:47:36 INFO  BookServiceImpl:19 - Start create book: testBook0
2021-03-31 16:47:36 ERROR BookServiceImpl:22 - Book also exist: testBook0
2021-03-31 16:47:36 INFO  BookServiceImpl:23 - End create author. Operation successful
2021-03-31 16:47:36 INFO  AuthorServiceImpl:18 - Start create Author: Oskar1 Test1
2021-03-31 16:47:36 INFO  AuthorServiceImpl:22 - End create author. Operation successful
2021-03-31 16:47:36 INFO  BookServiceImpl:19 - Start create book: testBook3
2021-03-31 16:47:36 ERROR BookServiceImpl:22 - Book also exist: testBook3
2021-03-31 16:47:36 INFO  BookServiceImpl:23 - End create author. Operation successful
2021-03-31 16:47:36 INFO  BookServiceImpl:19 - Start create book: testBook3
2021-03-31 16:47:36 ERROR BookServiceImpl:22 - Book also exist: testBook3
2021-03-31 16:47:36 INFO  BookServiceImpl:23 - End create author. Operation successful
2021-03-31 16:47:36 INFO  AuthorServiceImpl:18 - Start create Author: Oskar2 Test2
2021-03-31 16:47:36 INFO  AuthorServiceImpl:22 - End create author. Operation successful
2021-03-31 16:47:36 INFO  BookServiceImpl:19 - Start create book: testBook3
2021-03-31 16:47:36 ERROR BookServiceImpl:22 - Book also exist: testBook3
2021-03-31 16:47:36 INFO  BookServiceImpl:23 - End create author. Operation successful
2021-03-31 16:47:36 INFO  BookServiceImpl:19 - Start create book: testBook0
2021-03-31 16:47:36 ERROR BookServiceImpl:22 - Book also exist: testBook0
2021-03-31 16:47:36 INFO  BookServiceImpl:23 - End create author. Operation successful
2021-03-31 16:47:36 INFO  AuthorServiceImpl:18 - Start create Author: Oskar3 Test3
2021-03-31 16:47:36 INFO  AuthorServiceImpl:22 - End create author. Operation successful
2021-03-31 16:47:36 INFO  BookServiceImpl:19 - Start create book: testBook5
2021-03-31 16:47:36 INFO  BookServiceImpl:23 - End create author. Operation successful
2021-03-31 16:47:36 INFO  BookServiceImpl:19 - Start create book: testBook1
2021-03-31 16:47:36 INFO  BookServiceImpl:23 - End create author. Operation successful
2021-03-31 16:47:36 INFO  AuthorServiceImpl:18 - Start create Author: Oskar4 Test4
2021-03-31 16:47:36 INFO  AuthorServiceImpl:22 - End create author. Operation successful
2021-03-31 16:48:11 INFO  BookServiceImpl:19 - Start create book: Eneida
2021-03-31 16:48:11 INFO  BookServiceImpl:23 - End create author. Operation successful
2021-03-31 16:49:11 INFO  BookServiceImpl:78 - Start get book by title testBook2
2021-03-31 16:49:11 ERROR BookServiceImpl:83 - Book: testBook2 not found
2021-03-31 16:49:11 INFO  AuthorServiceImpl:73 - Start get author by first and last name Oskar2 Test2
2021-03-31 16:49:11 ERROR AuthorServiceImpl:78 - Author: Oskar2Test2 not found
2021-03-31 16:49:11 INFO  BookServiceImpl:78 - Start get book by title testBook2
2021-03-31 16:49:11 ERROR BookServiceImpl:83 - Book: testBook2 not found
2021-03-31 16:49:11 INFO  AuthorServiceImpl:18 - Start create Author: Petro Ivanko
2021-03-31 16:49:11 INFO  AuthorServiceImpl:22 - End create author. Operation successful
2021-03-31 16:49:11 INFO  BookServiceImpl:78 - Start get book by title testBook2
2021-03-31 16:49:11 ERROR BookServiceImpl:83 - Book: testBook2 not found
2021-03-31 16:49:11 INFO  BookServiceImpl:19 - Start create book: Eneida
2021-03-31 16:49:11 INFO  BookServiceImpl:23 - End create author. Operation successful
2021-03-31 16:49:11 INFO  AuthorServiceImpl:73 - Start get author by first and last name Oskar2 Test2
2021-03-31 16:49:11 ERROR AuthorServiceImpl:78 - Author: Oskar2Test2 not found
2021-03-31 16:49:11 INFO  AuthorServiceImpl:73 - Start get author by first and last name Oskar2 Test2
2021-03-31 16:49:11 ERROR AuthorServiceImpl:78 - Author: Oskar2Test2 not found
